09-Jan-2018 17:51:03.532 INFO [http-nio-8080-exec-4] org.apache.catalina.core.ApplicationContext.log Manager: init: Associated with Deployer 'Catalina:type=Deployer,host=localhost'
09-Jan-2018 17:51:03.532 INFO [http-nio-8080-exec-4] org.apache.catalina.core.ApplicationContext.log Manager: init: Global resources are available
09-Jan-2018 17:51:19.248 INFO [http-nio-8080-exec-2] org.apache.catalina.core.ApplicationContext.log HTMLManager: init: Associated with Deployer 'Catalina:type=Deployer,host=localhost'
09-Jan-2018 17:51:19.248 INFO [http-nio-8080-exec-2] org.apache.catalina.core.ApplicationContext.log HTMLManager: init: Global resources are available
09-Jan-2018 17:51:19.258 INFO [http-nio-8080-exec-2] org.apache.catalina.core.ApplicationContext.log HTMLManager: list: Listing contexts for virtual host 'localhost'
09-Jan-2018 18:25:18.303 INFO [http-nio-8080-exec-3] org.apache.catalina.core.ApplicationContext.log Manager: init: Associated with Deployer 'Catalina:type=Deployer,host=localhost'
09-Jan-2018 18:25:18.304 INFO [http-nio-8080-exec-3] org.apache.catalina.core.ApplicationContext.log Manager: init: Global resources are available
09-Jan-2018 18:25:18.312 INFO [http-nio-8080-exec-3] org.apache.catalina.core.ApplicationContext.log Manager: deploy: Deploying web application '/demo'
09-Jan-2018 18:25:18.312 INFO [http-nio-8080-exec-3] org.apache.catalina.core.ApplicationContext.log Manager: Uploading WAR file to D:\Maven\tomcat\localserver\webapps\demo.war
09-Jan-2018 18:26:25.387 INFO [http-nio-8080-exec-2] org.apache.catalina.core.ApplicationContext.log Manager: deploy: Deploying web application '/'
09-Jan-2018 18:29:56.452 INFO [http-nio-8080-exec-4] org.apache.catalina.core.ApplicationContext.log Manager: init: Associated with Deployer 'Catalina:type=Deployer,host=localhost'
09-Jan-2018 18:29:56.452 INFO [http-nio-8080-exec-4] org.apache.catalina.core.ApplicationContext.log Manager: init: Global resources are available
09-Jan-2018 18:29:56.466 INFO [http-nio-8080-exec-4] org.apache.catalina.core.ApplicationContext.log Manager: deploy: Deploying web application '/'
09-Jan-2018 18:31:12.182 INFO [http-nio-8080-exec-1] org.apache.catalina.core.ApplicationContext.log Manager: deploy: Deploying web application '/shop'
09-Jan-2018 18:31:12.182 INFO [http-nio-8080-exec-1] org.apache.catalina.core.ApplicationContext.log Manager: Uploading WAR file to D:\Maven\tomcat\localserver\webapps\shop.war
09-Jan-2018 18:33:31.044 INFO [http-nio-8080-exec-11] org.apache.catalina.core.ApplicationContext.log Manager: deploy: Deploying web application '/shop'
09-Jan-2018 18:35:18.339 INFO [http-nio-8080-exec-14] org.apache.catalina.core.ApplicationContext.log Manager: deploy: Deploying web application '/shop'
09-Jan-2018 18:50:07.701 INFO [http-nio-8080-exec-9] org.apache.catalina.core.ApplicationContext.log Manager: init: Associated with Deployer 'Catalina:type=Deployer,host=localhost'
09-Jan-2018 18:50:07.702 INFO [http-nio-8080-exec-9] org.apache.catalina.core.ApplicationContext.log Manager: init: Global resources are available
09-Jan-2018 18:50:07.703 INFO [http-nio-8080-exec-9] org.apache.catalina.core.ApplicationContext.log Manager: deploy: Deploying web application '/demo'
09-Jan-2018 18:50:07.704 INFO [http-nio-8080-exec-9] org.apache.catalina.core.ApplicationContext.log Manager: Uploading WAR file to D:\Maven\tomcat\localserver\webapps\demo.war
09-Jan-2018 19:03:03.969 INFO [http-nio-8080-exec-6] org.apache.catalina.core.ApplicationContext.log Manager: deploy: Deploying web application '/demo'
09-Jan-2018 19:05:09.901 INFO [http-nio-8080-exec-10] org.apache.catalina.core.ApplicationContext.log Manager: init: Associated with Deployer 'Catalina:type=Deployer,host=localhost'
09-Jan-2018 19:05:09.903 INFO [http-nio-8080-exec-10] org.apache.catalina.core.ApplicationContext.log Manager: init: Global resources are available
09-Jan-2018 19:05:09.915 INFO [http-nio-8080-exec-10] org.apache.catalina.core.ApplicationContext.log Manager: deploy: Deploying web application '/demo'
09-Jan-2018 19:05:45.897 INFO [http-nio-8080-exec-8] org.apache.catalina.core.ApplicationContext.log Manager: deploy: Deploying web application '/demo'
09-Jan-2018 19:06:58.656 INFO [http-nio-8080-exec-2] org.apache.catalina.core.ApplicationContext.log Manager: init: Associated with Deployer 'Catalina:type=Deployer,host=localhost'
09-Jan-2018 19:06:58.656 INFO [http-nio-8080-exec-2] org.apache.catalina.core.ApplicationContext.log Manager: init: Global resources are available
09-Jan-2018 19:06:58.666 INFO [http-nio-8080-exec-2] org.apache.catalina.core.ApplicationContext.log Manager: deploy: Deploying web application '/demo'
09-Jan-2018 19:06:58.666 INFO [http-nio-8080-exec-2] org.apache.catalina.core.ApplicationContext.log Manager: Uploading WAR file to D:\Maven\tomcat\localserver\webapps\demo.war
09-Jan-2018 19:07:39.037 INFO [http-nio-8080-exec-2] org.apache.catalina.core.ApplicationContext.log Manager: init: Associated with Deployer 'Catalina:type=Deployer,host=localhost'
09-Jan-2018 19:07:39.037 INFO [http-nio-8080-exec-2] org.apache.catalina.core.ApplicationContext.log Manager: init: Global resources are available
09-Jan-2018 19:07:39.045 INFO [http-nio-8080-exec-2] org.apache.catalina.core.ApplicationContext.log Manager: deploy: Deploying web application '/'
09-Jan-2018 19:10:26.525 INFO [http-nio-8080-exec-5] org.apache.catalina.core.ApplicationContext.log Manager: init: Associated with Deployer 'Catalina:type=Deployer,host=localhost'
09-Jan-2018 19:10:26.525 INFO [http-nio-8080-exec-5] org.apache.catalina.core.ApplicationContext.log Manager: init: Global resources are available
09-Jan-2018 19:10:26.537 INFO [http-nio-8080-exec-5] org.apache.catalina.core.ApplicationContext.log Manager: deploy: Deploying web application '/demo'
09-Jan-2018 19:10:47.066 INFO [http-nio-8080-exec-4] org.apache.catalina.core.ApplicationContext.log Manager: deploy: Deploying web application '/demo'
09-Jan-2018 19:10:47.067 INFO [http-nio-8080-exec-4] org.apache.catalina.core.ApplicationContext.log Manager: Uploading WAR file to D:\Maven\tomcat\localserver\webapps\demo.war.tmp
09-Jan-2018 19:14:07.280 INFO [http-nio-8080-exec-2] org.apache.catalina.core.ApplicationContext.log Manager: init: Associated with Deployer 'Catalina:type=Deployer,host=localhost'
09-Jan-2018 19:14:07.280 INFO [http-nio-8080-exec-2] org.apache.catalina.core.ApplicationContext.log Manager: init: Global resources are available
09-Jan-2018 19:14:07.295 INFO [http-nio-8080-exec-2] org.apache.catalina.core.ApplicationContext.log Manager: deploy: Deploying web application '/demo'
09-Jan-2018 19:14:07.295 INFO [http-nio-8080-exec-2] org.apache.catalina.core.ApplicationContext.log Manager: Uploading WAR file to D:\Maven\tomcat\localserver\webapps\demo.war.tmp
09-Jan-2018 19:18:34.921 INFO [http-nio-8080-exec-5] org.apache.catalina.core.ApplicationContext.log Manager: deploy: Deploying web application '/demo'
09-Jan-2018 19:18:34.921 INFO [http-nio-8080-exec-5] org.apache.catalina.core.ApplicationContext.log Manager: Uploading WAR file to D:\Maven\tomcat\localserver\webapps\demo.war.tmp
09-Jan-2018 19:20:25.654 INFO [http-nio-8080-exec-2] org.apache.catalina.core.ApplicationContext.log Manager: init: Associated with Deployer 'Catalina:type=Deployer,host=localhost'
09-Jan-2018 19:20:25.655 INFO [http-nio-8080-exec-2] org.apache.catalina.core.ApplicationContext.log Manager: init: Global resources are available
09-Jan-2018 19:20:25.664 INFO [http-nio-8080-exec-2] org.apache.catalina.core.ApplicationContext.log Manager: deploy: Deploying web application '/demo'
09-Jan-2018 19:20:25.664 INFO [http-nio-8080-exec-2] org.apache.catalina.core.ApplicationContext.log Manager: Uploading WAR file to D:\Maven\tomcat\localserver\webapps\demo.war
09-Jan-2018 19:22:06.724 INFO [http-nio-8080-exec-4] org.apache.catalina.core.ApplicationContext.log Manager: deploy: Deploying web application '/demo'
09-Jan-2018 19:22:06.724 INFO [http-nio-8080-exec-4] org.apache.catalina.core.ApplicationContext.log Manager: Uploading WAR file to D:\Maven\tomcat\localserver\webapps\demo.war.tmp
09-Jan-2018 19:28:38.375 INFO [http-nio-8080-exec-1] org.apache.catalina.core.ApplicationContext.log Manager: init: Associated with Deployer 'Catalina:type=Deployer,host=localhost'
09-Jan-2018 19:28:38.377 INFO [http-nio-8080-exec-1] org.apache.catalina.core.ApplicationContext.log Manager: init: Global resources are available
09-Jan-2018 19:28:38.400 INFO [http-nio-8080-exec-1] org.apache.catalina.core.ApplicationContext.log Manager: deploy: Deploying web application '/demo'
09-Jan-2018 19:28:38.400 INFO [http-nio-8080-exec-1] org.apache.catalina.core.ApplicationContext.log Manager: Uploading WAR file to D:\Maven\tomcat\localserver\webapps\demo.war
09-Jan-2018 19:30:39.064 INFO [http-nio-8080-exec-2] org.apache.catalina.core.ApplicationContext.log Manager: deploy: Deploying web application '/demo'
09-Jan-2018 19:30:39.064 INFO [http-nio-8080-exec-2] org.apache.catalina.core.ApplicationContext.log Manager: Uploading WAR file to D:\Maven\tomcat\localserver\webapps\demo.war.tmp
09-Jan-2018 19:34:16.514 INFO [http-nio-8080-exec-1] org.apache.catalina.core.ApplicationContext.log Manager: init: Associated with Deployer 'Catalina:type=Deployer,host=localhost'
09-Jan-2018 19:34:16.515 INFO [http-nio-8080-exec-1] org.apache.catalina.core.ApplicationContext.log Manager: init: Global resources are available
09-Jan-2018 19:34:16.531 INFO [http-nio-8080-exec-1] org.apache.catalina.core.ApplicationContext.log Manager: deploy: Deploying web application '/demo'
09-Jan-2018 19:34:16.531 INFO [http-nio-8080-exec-1] org.apache.catalina.core.ApplicationContext.log Manager: Uploading WAR file to D:\Maven\tomcat\localserver\webapps\demo.war
09-Jan-2018 19:36:12.629 INFO [http-nio-8080-exec-9] org.apache.catalina.core.ApplicationContext.log Manager: deploy: Deploying web application '/demo'
09-Jan-2018 19:36:59.738 INFO [http-nio-8080-exec-1] org.apache.catalina.core.ApplicationContext.log Manager: deploy: Deploying web application '/demo'
09-Jan-2018 19:36:59.738 INFO [http-nio-8080-exec-1] org.apache.catalina.core.ApplicationContext.log Manager: Uploading WAR file to D:\Maven\tomcat\localserver\webapps\demo.war.tmp
09-Jan-2018 19:38:13.995 INFO [http-nio-8080-exec-8] org.apache.catalina.core.ApplicationContext.log Manager: init: Associated with Deployer 'Catalina:type=Deployer,host=localhost'
09-Jan-2018 19:38:13.995 INFO [http-nio-8080-exec-8] org.apache.catalina.core.ApplicationContext.log Manager: init: Global resources are available
09-Jan-2018 19:38:13.995 INFO [http-nio-8080-exec-8] org.apache.catalina.core.ApplicationContext.log Manager: undeploy: Undeploying web application at '/demo'
09-Jan-2018 19:38:31.937 INFO [http-nio-8080-exec-4] org.apache.catalina.core.ApplicationContext.log Manager: deploy: Deploying web application '/demo'
09-Jan-2018 19:38:31.937 INFO [http-nio-8080-exec-4] org.apache.catalina.core.ApplicationContext.log Manager: Uploading WAR file to D:\Maven\tomcat\localserver\webapps\demo.war
09-Jan-2018 19:46:46.295 INFO [http-nio-8080-exec-6] org.apache.catalina.core.ApplicationContext.log Manager: init: Associated with Deployer 'Catalina:type=Deployer,host=localhost'
09-Jan-2018 19:46:46.296 INFO [http-nio-8080-exec-6] org.apache.catalina.core.ApplicationContext.log Manager: init: Global resources are available
09-Jan-2018 19:46:46.309 INFO [http-nio-8080-exec-6] org.apache.catalina.core.ApplicationContext.log Manager: deploy: Deploying web application '/demo'
09-Jan-2018 19:46:46.310 INFO [http-nio-8080-exec-6] org.apache.catalina.core.ApplicationContext.log Manager: Uploading WAR file to D:\Maven\tomcat\localserver\webapps\demo.war
09-Jan-2018 19:48:10.093 INFO [http-nio-8080-exec-4] org.apache.catalina.core.ApplicationContext.log Manager: deploy: Deploying web application '/demo'
09-Jan-2018 19:48:10.093 INFO [http-nio-8080-exec-4] org.apache.catalina.core.ApplicationContext.log Manager: Uploading WAR file to D:\Maven\tomcat\localserver\webapps\demo.war.tmp
09-Jan-2018 19:49:11.383 INFO [http-nio-8080-exec-12] org.apache.catalina.core.ApplicationContext.log Manager: deploy: Deploying web application '/demo'
09-Jan-2018 19:49:11.384 INFO [http-nio-8080-exec-12] org.apache.catalina.core.ApplicationContext.log Manager: Uploading WAR file to D:\Maven\tomcat\localserver\webapps\demo.war.tmp
09-Jan-2018 19:50:23.473 INFO [http-nio-8080-exec-22] org.apache.catalina.core.ApplicationContext.log Manager: deploy: Deploying web application '/demo'
09-Jan-2018 19:50:23.473 INFO [http-nio-8080-exec-22] org.apache.catalina.core.ApplicationContext.log Manager: Uploading WAR file to D:\Maven\tomcat\localserver\webapps\demo.war.tmp
09-Jan-2018 19:51:18.877 INFO [http-nio-8080-exec-27] org.apache.catalina.core.ApplicationContext.log Manager: deploy: Deploying web application '/demo'
09-Jan-2018 19:51:18.877 INFO [http-nio-8080-exec-27] org.apache.catalina.core.ApplicationContext.log Manager: Uploading WAR file to D:\Maven\tomcat\localserver\webapps\demo.war.tmp
09-Jan-2018 19:52:52.065 INFO [http-nio-8080-exec-37] org.apache.catalina.core.ApplicationContext.log Manager: deploy: Deploying web application '/demo'
09-Jan-2018 19:52:52.066 INFO [http-nio-8080-exec-37] org.apache.catalina.core.ApplicationContext.log Manager: Uploading WAR file to D:\Maven\tomcat\localserver\webapps\demo.war.tmp
09-Jan-2018 19:54:53.726 INFO [http-nio-8080-exec-45] org.apache.catalina.core.ApplicationContext.log Manager: deploy: Deploying web application '/demo'
09-Jan-2018 19:54:53.727 INFO [http-nio-8080-exec-45] org.apache.catalina.core.ApplicationContext.log Manager: Uploading WAR file to D:\Maven\tomcat\localserver\webapps\demo.war.tmp
09-Jan-2018 19:55:22.591 INFO [http-nio-8080-exec-51] org.apache.catalina.core.ApplicationContext.log Manager: undeploy: Undeploying web application at '/demo'
09-Jan-2018 19:55:52.247 INFO [http-nio-8080-exec-56] org.apache.catalina.core.ApplicationContext.log Manager: deploy: Deploying web application '/demo'
09-Jan-2018 19:55:52.247 INFO [http-nio-8080-exec-56] org.apache.catalina.core.ApplicationContext.log Manager: Uploading WAR file to D:\Maven\tomcat\localserver\webapps\demo.war
09-Jan-2018 19:57:10.986 INFO [http-nio-8080-exec-60] org.apache.catalina.core.ApplicationContext.log Manager: deploy: Deploying web application '/demo'
09-Jan-2018 19:57:18.058 INFO [http-nio-8080-exec-62] org.apache.catalina.core.ApplicationContext.log Manager: undeploy: Undeploying web application at '/demo'
09-Jan-2018 19:57:26.622 INFO [http-nio-8080-exec-60] org.apache.catalina.core.ApplicationContext.log Manager: deploy: Deploying web application '/demo'
09-Jan-2018 19:57:26.622 INFO [http-nio-8080-exec-60] org.apache.catalina.core.ApplicationContext.log Manager: Uploading WAR file to D:\Maven\tomcat\localserver\webapps\demo.war
09-Jan-2018 19:57:55.016 INFO [http-nio-8080-exec-67] org.apache.catalina.core.ApplicationContext.log Manager: undeploy: Undeploying web application at '/demo'
09-Jan-2018 19:58:05.861 INFO [http-nio-8080-exec-63] org.apache.catalina.core.ApplicationContext.log Manager: deploy: Deploying web application '/demo'
09-Jan-2018 19:58:05.861 INFO [http-nio-8080-exec-63] org.apache.catalina.core.ApplicationContext.log Manager: Uploading WAR file to D:\Maven\tomcat\localserver\webapps\demo.war
09-Jan-2018 19:59:35.164 INFO [http-nio-8080-exec-77] org.apache.catalina.core.ApplicationContext.log Manager: undeploy: Undeploying web application at '/demo'
09-Jan-2018 19:59:46.424 INFO [http-nio-8080-exec-74] org.apache.catalina.core.ApplicationContext.log Manager: deploy: Deploying web application '/demo'
09-Jan-2018 19:59:46.424 INFO [http-nio-8080-exec-74] org.apache.catalina.core.ApplicationContext.log Manager: Uploading WAR file to D:\Maven\tomcat\localserver\webapps\demo.war
09-Jan-2018 20:04:01.969 INFO [http-nio-8080-exec-88] org.apache.catalina.core.ApplicationContext.log Manager: deploy: Deploying web application '/demo'
09-Jan-2018 20:04:01.969 INFO [http-nio-8080-exec-88] org.apache.catalina.core.ApplicationContext.log Manager: Uploading WAR file to D:\Maven\tomcat\localserver\webapps\demo.war.tmp
09-Jan-2018 20:06:33.820 INFO [http-nio-8080-exec-102] org.apache.catalina.core.ApplicationContext.log Manager: deploy: Deploying web application '/demo'
